[INFO] Scanning for projects...
[WARNING] 
[WARNING] Some problems were encountered while building the effective model for com.project:BookCarOnline:war:0.0.1-SNAPSHOT
[WARNING] 'dependencies.dependency.(groupId:artifactId:type:classifier)' must be unique: org.springframework.boot:spring-boot-starter-security:jar -> duplicate declaration of version (?) @ line 68, column 15
[WARNING] 
[WARNING] It is highly recommended to fix these problems because they threaten the stability of your build.
[WARNING] 
[WARNING] For this reason, future Maven versions might no longer support building such malformed projects.
[WARNING] 
[INFO] 
[INFO] ---------------------< com.project:BookCarOnline >----------------------
[INFO] Building BookCarOnline 0.0.1-SNAPSHOT
[INFO]   from pom.xml
[INFO] --------------------------------[ war ]---------------------------------
[INFO] 
[INFO] --- clean:3.4.1:clean (default-clean) @ BookCarOnline ---
[INFO] Deleting /Users/macbookpro/Documents/Study/Java/Project/BookCar/Backend/target
[INFO] 
[INFO] --- resources:3.3.1:resources (default-resources) @ BookCarOnline ---
[INFO] Copying 1 resource from src/main/resources to target/classes
[INFO] Copying 1 resource from src/main/resources to target/classes
[INFO] 
[INFO] --- compiler:3.14.0:compile (default-compile) @ BookCarOnline ---
[INFO] Recompiling the module because of changed source code.
[INFO] Compiling 160 source files with javac [debug parameters release 21] to target/classes
[INFO] /Users/macbookpro/Documents/Study/Java/Project/BookCar/Backend/src/main/java/com/project/BookCarOnline/Service/OAuth2ExchangeService.java: Some input files use unchecked or unsafe operations.
[INFO] /Users/macbookpro/Documents/Study/Java/Project/BookCar/Backend/src/main/java/com/project/BookCarOnline/Service/OAuth2ExchangeService.java: Recompile with -Xlint:unchecked for details.
[INFO] -------------------------------------------------------------
[ERROR] COMPILATION ERROR : 
[INFO] -------------------------------------------------------------
[ERROR] /Users/macbookpro/Documents/Study/Java/Project/BookCar/Backend/src/main/java/com/project/BookCarOnline/Entity/VehicleType_Time.java:[41,8] class VehicleType_Time_ID is public, should be declared in a file named VehicleType_Time_ID.java
[ERROR] /Users/macbookpro/Documents/Study/Java/Project/BookCar/Backend/src/main/java/com/project/BookCarOnline/Configuration/ApplicationInitConfig.java:[49,13] cannot find symbol
  symbol:   variable log
  location: class com.project.BookCarOnline.Configuration.ApplicationInitConfig
[ERROR] /Users/macbookpro/Documents/Study/Java/Project/BookCar/Backend/src/main/java/com/project/BookCarOnline/Configuration/ApplicationInitConfig.java:[55,33] cannot find symbol
  symbol:   method builder()
  location: class com.project.BookCarOnline.Entity.Role
[ERROR] /Users/macbookpro/Documents/Study/Java/Project/BookCar/Backend/src/main/java/com/project/BookCarOnline/Configuration/ApplicationInitConfig.java:[60,21] cannot find symbol
  symbol:   variable log
  location: class com.project.BookCarOnline.Configuration.ApplicationInitConfig
[ERROR] /Users/macbookpro/Documents/Study/Java/Project/BookCar/Backend/src/main/java/com/project/BookCarOnline/Configuration/ApplicationInitConfig.java:[70,42] cannot find symbol
  symbol:   method builder()
  location: class com.project.BookCarOnline.Entity.Account
[ERROR] /Users/macbookpro/Documents/Study/Java/Project/BookCar/Backend/src/main/java/com/project/BookCarOnline/Configuration/ApplicationInitConfig.java:[82,49] cannot find symbol
  symbol:   method builder()
  location: class com.project.BookCarOnline.Entity.Customer
[ERROR] /Users/macbookpro/Documents/Study/Java/Project/BookCar/Backend/src/main/java/com/project/BookCarOnline/Configuration/ApplicationInitConfig.java:[90,17] cannot find symbol
  symbol:   variable log
  location: class com.project.BookCarOnline.Configuration.ApplicationInitConfig
[ERROR] /Users/macbookpro/Documents/Study/Java/Project/BookCar/Backend/src/main/java/com/project/BookCarOnline/Configuration/ApplicationInitConfig.java:[92,17] cannot find symbol
  symbol:   variable log
  location: class com.project.BookCarOnline.Configuration.ApplicationInitConfig
[ERROR] /Users/macbookpro/Documents/Study/Java/Project/BookCar/Backend/src/main/java/com/project/BookCarOnline/Configuration/CustomJwtDecoder.java:[38,81] cannot find symbol
  symbol:   method getMessage()
  location: variable INVALID_TOKEN of type com.project.BookCarOnline.Exception.ErrorCode
[ERROR] /Users/macbookpro/Documents/Study/Java/Project/BookCar/Backend/src/main/java/com/project/BookCarOnline/Service/AuthenticationService.java:[63,67] cannot find symbol
  symbol:   method getUserName()
  location: variable request of type com.project.BookCarOnline.DTO.Request.AuthenticationRequest
[ERROR] /Users/macbookpro/Documents/Study/Java/Project/BookCar/Backend/src/main/java/com/project/BookCarOnline/Service/AuthenticationService.java:[65,37] cannot find symbol
  symbol:   method getPassWord()
  location: variable request of type com.project.BookCarOnline.DTO.Request.AuthenticationRequest
[ERROR] /Users/macbookpro/Documents/Study/Java/Project/BookCar/Backend/src/main/java/com/project/BookCarOnline/Service/AuthenticationService.java:[65,60] cannot find symbol
  symbol:   method getPassWord()
  location: variable account of type com.project.BookCarOnline.Entity.Account
[ERROR] /Users/macbookpro/Documents/Study/Java/Project/BookCar/Backend/src/main/java/com/project/BookCarOnline/Service/AuthenticationService.java:[71,20] cannot find symbol
  symbol:   method getRoleNo()
  location: variable account of type com.project.BookCarOnline.Entity.Account
[ERROR] /Users/macbookpro/Documents/Study/Java/Project/BookCar/Backend/src/main/java/com/project/BookCarOnline/Service/AuthenticationService.java:[71,85] cannot find symbol
  symbol:   method getRoleName()
  location: variable request of type com.project.BookCarOnline.DTO.Request.AuthenticationRequest
[ERROR] /Users/macbookpro/Documents/Study/Java/Project/BookCar/Backend/src/main/java/com/project/BookCarOnline/Service/AuthenticationService.java:[71,112] cannot find symbol
  symbol:   method getAccountStatus()
  location: variable account of type com.project.BookCarOnline.Entity.Account
[ERROR] /Users/macbookpro/Documents/Study/Java/Project/BookCar/Backend/src/main/java/com/project/BookCarOnline/Service/AuthenticationService.java:[77,40] cannot find symbol
  symbol:   method getRoleNo()
  location: variable account of type com.project.BookCarOnline.Entity.Account
[ERROR] /Users/macbookpro/Documents/Study/Java/Project/BookCar/Backend/src/main/java/com/project/BookCarOnline/Service/AuthenticationService.java:[78,49] cannot find symbol
  symbol:   method getAccountStatus()
  location: variable account of type com.project.BookCarOnline.Entity.Account
[ERROR] /Users/macbookpro/Documents/Study/Java/Project/BookCar/Backend/src/main/java/com/project/BookCarOnline/Service/AuthenticationService.java:[80,38] cannot find symbol
  symbol:   method builder()
  location: class com.project.BookCarOnline.DTO.Response.AuthenticationResponse
[ERROR] /Users/macbookpro/Documents/Study/Java/Project/BookCar/Backend/src/main/java/com/project/BookCarOnline/Service/AuthenticationService.java:[92,42] cannot find symbol
  symbol:   method getRoleNo()
  location: variable account of type com.project.BookCarOnline.Entity.Account
[ERROR] /Users/macbookpro/Documents/Study/Java/Project/BookCar/Backend/src/main/java/com/project/BookCarOnline/Service/AuthenticationService.java:[96,67] cannot find symbol
  symbol:   method getAccountId()
  location: variable account of type com.project.BookCarOnline.Entity.Account
[ERROR] /Users/macbookpro/Documents/Study/Java/Project/BookCar/Backend/src/main/java/com/project/BookCarOnline/Service/AuthenticationService.java:[98,34] cannot find symbol
  symbol:   method getCustomerId()
  location: variable customer of type com.project.BookCarOnline.Entity.Customer
[ERROR] /Users/macbookpro/Documents/Study/Java/Project/BookCar/Backend/src/main/java/com/project/BookCarOnline/Service/AuthenticationService.java:[102,63] cannot find symbol
  symbol:   method getAccountId()
  location: variable account of type com.project.BookCarOnline.Entity.Account
[ERROR] /Users/macbookpro/Documents/Study/Java/Project/BookCar/Backend/src/main/java/com/project/BookCarOnline/Service/AuthenticationService.java:[105,32] cannot find symbol
  symbol:   method getDriverId()
  location: variable driver of type com.project.BookCarOnline.Entity.Driver
[ERROR] /Users/macbookpro/Documents/Study/Java/Project/BookCar/Backend/src/main/java/com/project/BookCarOnline/Service/AuthenticationService.java:[108,13] cannot find symbol
  symbol:   variable log
  location: class com.project.BookCarOnline.Service.AuthenticationService
[ERROR] /Users/macbookpro/Documents/Study/Java/Project/BookCar/Backend/src/main/java/com/project/BookCarOnline/Service/AuthenticationService.java:[109,66] cannot find symbol
  symbol:   method getAccountId()
  location: variable account of type com.project.BookCarOnline.Entity.Account
[ERROR] /Users/macbookpro/Documents/Study/Java/Project/BookCar/Backend/src/main/java/com/project/BookCarOnline/Service/AuthenticationService.java:[111,30] cannot find symbol
  symbol:   method getCustomerId()
  location: variable customer of type com.project.BookCarOnline.Entity.Customer
[ERROR] /Users/macbookpro/Documents/Study/Java/Project/BookCar/Backend/src/main/java/com/project/BookCarOnline/Service/AuthenticationService.java:[115,33] cannot find symbol
  symbol:   method getAccountId()
  location: variable account of type com.project.BookCarOnline.Entity.Account
[ERROR] /Users/macbookpro/Documents/Study/Java/Project/BookCar/Backend/src/main/java/com/project/BookCarOnline/Service/AuthenticationService.java:[135,28] cannot find symbol
  symbol:   method getRoleNo()
  location: variable account of type com.project.BookCarOnline.Entity.Account
[ERROR] /Users/macbookpro/Documents/Study/Java/Project/BookCar/Backend/src/main/java/com/project/BookCarOnline/Service/AuthenticationService.java:[136,33] cannot find symbol
  symbol:   method getRoleName()
  location: variable role of type com.project.BookCarOnline.Entity.Role
[ERROR] /Users/macbookpro/Documents/Study/Java/Project/BookCar/Backend/src/main/java/com/project/BookCarOnline/Service/AuthenticationService.java:[139,20] cannot find symbol
  symbol:   method getRoleName()
  location: variable role of type com.project.BookCarOnline.Entity.Role
[ERROR] /Users/macbookpro/Documents/Study/Java/Project/BookCar/Backend/src/main/java/com/project/BookCarOnline/Service/AuthenticationService.java:[175,35] cannot find symbol
  symbol:   method builder()
  location: class com.project.BookCarOnline.Entity.InvalidToken
[ERROR] /Users/macbookpro/Documents/Study/Java/Project/BookCar/Backend/src/main/java/com/project/BookCarOnline/Service/AuthenticationService.java:[181,35] cannot find symbol
  symbol:   method builder()
  location: class com.project.BookCarOnline.Entity.InvalidToken
[ERROR] /Users/macbookpro/Documents/Study/Java/Project/BookCar/Backend/src/main/java/com/project/BookCarOnline/Service/AuthenticationService.java:[199,35] cannot find symbol
  symbol:   method builder()
  location: class com.project.BookCarOnline.Entity.InvalidToken
[ERROR] /Users/macbookpro/Documents/Study/Java/Project/BookCar/Backend/src/main/java/com/project/BookCarOnline/Service/AuthenticationService.java:[205,35] cannot find symbol
  symbol:   method builder()
  location: class com.project.BookCarOnline.Entity.InvalidToken
[ERROR] /Users/macbookpro/Documents/Study/Java/Project/BookCar/Backend/src/main/java/com/project/BookCarOnline/Service/AuthenticationService.java:[216,38] cannot find symbol
  symbol:   method builder()
  location: class com.project.BookCarOnline.DTO.Response.AuthenticationResponse
[ERROR] /Users/macbookpro/Documents/Study/Java/Project/BookCar/Backend/src/main/java/com/project/BookCarOnline/Service/AuthenticationService.java:[230,16] cannot find symbol
  symbol:   method setPassWord(java.lang.String)
  location: variable account of type com.project.BookCarOnline.Entity.Account
[ERROR] /Users/macbookpro/Documents/Study/Java/Project/BookCar/Backend/src/main/java/com/project/BookCarOnline/Configuration/JWTAuthenticationEntryPoint.java:[30,49] cannot find symbol
  symbol:   method builder()
  location: class com.project.BookCarOnline.DTO.APIResponse
[ERROR] /Users/macbookpro/Documents/Study/Java/Project/BookCar/Backend/src/main/java/com/project/BookCarOnline/Configuration/JWTAuthenticationEntryPoint.java:[31,34] cannot find symbol
  symbol:   method getStatus()
  location: variable errorCode of type com.project.BookCarOnline.Exception.ErrorCode
[ERROR] /Users/macbookpro/Documents/Study/Java/Project/BookCar/Backend/src/main/java/com/project/BookCarOnline/Configuration/JWTAuthenticationEntryPoint.java:[32,35] cannot find symbol
  symbol:   method getMessage()
  location: variable errorCode of type com.project.BookCarOnline.Exception.ErrorCode
[ERROR] /Users/macbookpro/Documents/Study/Java/Project/BookCar/Backend/src/main/java/com/project/BookCarOnline/Controller/AdminBookingController.java:[33,9] cannot find symbol
  symbol:   variable log
  location: class com.project.BookCarOnline.Controller.AdminBookingController
[ERROR] /Users/macbookpro/Documents/Study/Java/Project/BookCar/Backend/src/main/java/com/project/BookCarOnline/Controller/AdminBookingController.java:[36,27] cannot find symbol
  symbol:   method <org.springframework.data.domain.Page<com.project.BookCarOnline.DTO.Response.BookingDetailResponse>>builder()
  location: class com.project.BookCarOnline.DTO.APIResponse
[ERROR] /Users/macbookpro/Documents/Study/Java/Project/BookCar/Backend/src/main/java/com/project/BookCarOnline/Controller/AdminBookingController.java:[45,9] cannot find symbol
  symbol:   variable log
  location: class com.project.BookCarOnline.Controller.AdminBookingController
[ERROR] /Users/macbookpro/Documents/Study/Java/Project/BookCar/Backend/src/main/java/com/project/BookCarOnline/Controller/AdminBookingController.java:[47,27] cannot find symbol
  symbol:   method <com.project.BookCarOnline.DTO.Response.BookingDetailResponse>builder()
  location: class com.project.BookCarOnline.DTO.APIResponse
[ERROR] /Users/macbookpro/Documents/Study/Java/Project/BookCar/Backend/src/main/java/com/project/BookCarOnline/Controller/AdminBookingController.java:[56,9] cannot find symbol
  symbol:   variable log
  location: class com.project.BookCarOnline.Controller.AdminBookingController
[ERROR] /Users/macbookpro/Documents/Study/Java/Project/BookCar/Backend/src/main/java/com/project/BookCarOnline/Controller/AdminBookingController.java:[58,27] cannot find symbol
  symbol:   method <com.project.BookCarOnline.DTO.Response.BookingDetailResponse>builder()
  location: class com.project.BookCarOnline.DTO.APIResponse
[ERROR] /Users/macbookpro/Documents/Study/Java/Project/BookCar/Backend/src/main/java/com/project/BookCarOnline/Controller/AdminBookingController.java:[69,9] cannot find symbol
  symbol:   variable log
  location: class com.project.BookCarOnline.Controller.AdminBookingController
[ERROR] /Users/macbookpro/Documents/Study/Java/Project/BookCar/Backend/src/main/java/com/project/BookCarOnline/Controller/AdminBookingController.java:[71,27] cannot find symbol
  symbol:   method <com.project.BookCarOnline.DTO.Response.BookingDetailResponse>builder()
  location: class com.project.BookCarOnline.DTO.APIResponse
[ERROR] /Users/macbookpro/Documents/Study/Java/Project/BookCar/Backend/src/main/java/com/project/BookCarOnline/Controller/AdminBookingController.java:[80,9] cannot find symbol
  symbol:   variable log
  location: class com.project.BookCarOnline.Controller.AdminBookingController
[ERROR] /Users/macbookpro/Documents/Study/Java/Project/BookCar/Backend/src/main/java/com/project/BookCarOnline/Controller/AdminBookingController.java:[81,27] cannot find symbol
  symbol:   method <java.util.Map<java.lang.String,java.lang.Object>>builder()
  location: class com.project.BookCarOnline.DTO.APIResponse
[ERROR] /Users/macbookpro/Documents/Study/Java/Project/BookCar/Backend/src/main/java/com/project/BookCarOnline/Service/BookingService.java:[88,24] cannot find symbol
  symbol:   method getPickupLat()
  location: variable request of type com.project.BookCarOnline.DTO.Request.EstimatePriceRequest
[ERROR] /Users/macbookpro/Documents/Study/Java/Project/BookCar/Backend/src/main/java/com/project/BookCarOnline/Service/BookingService.java:[88,48] cannot find symbol
  symbol:   method getPickupLng()
  location: variable request of type com.project.BookCarOnline.DTO.Request.EstimatePriceRequest
[ERROR] /Users/macbookpro/Documents/Study/Java/Project/BookCar/Backend/src/main/java/com/project/BookCarOnline/Service/BookingService.java:[89,24] cannot find symbol
  symbol:   method getDropoffLat()
  location: variable request of type com.project.BookCarOnline.DTO.Request.EstimatePriceRequest
[ERROR] /Users/macbookpro/Documents/Study/Java/Project/BookCar/Backend/src/main/java/com/project/BookCarOnline/Service/BookingService.java:[89,49] cannot find symbol
  symbol:   method getDropoffLng()
  location: variable request of type com.project.BookCarOnline.DTO.Request.EstimatePriceRequest
[ERROR] /Users/macbookpro/Documents/Study/Java/Project/BookCar/Backend/src/main/java/com/project/BookCarOnline/Service/BookingService.java:[92,78] cannot find symbol
  symbol:   method getPromotionCodes()
  location: variable request of type com.project.BookCarOnline.DTO.Request.EstimatePriceRequest
[ERROR] /Users/macbookpro/Documents/Study/Java/Project/BookCar/Backend/src/main/java/com/project/BookCarOnline/Service/BookingService.java:[106,54] cannot find symbol
  symbol:   method getQuoteId()
  location: variable request of type com.project.BookCarOnline.DTO.Request.CreateBookingRequest
[ERROR] /Users/macbookpro/Documents/Study/Java/Project/BookCar/Backend/src/main/java/com/project/BookCarOnline/Service/BookingService.java:[108,71] cannot find symbol
  symbol:   method getVehicleTypeId()
  location: variable quote of type com.project.BookCarOnline.DTO.Redis.FareQuote
[ERROR] /Users/macbookpro/Documents/Study/Java/Project/BookCar/Backend/src/main/java/com/project/BookCarOnline/Service/BookingService.java:[111,52] cannot find symbol
  symbol:   method getCustomerId()
  location: variable request of type com.project.BookCarOnline.DTO.Request.CreateBookingRequest
[ERROR] /Users/macbookpro/Documents/Study/Java/Project/BookCar/Backend/src/main/java/com/project/BookCarOnline/Service/BookingService.java:[114,18] cannot find symbol
  symbol:   method getPromotionIds()
  location: variable quote of type com.project.BookCarOnline.DTO.Redis.FareQuote
[ERROR] /Users/macbookpro/Documents/Study/Java/Project/BookCar/Backend/src/main/java/com/project/BookCarOnline/Service/BookingService.java:[114,54] cannot find symbol
  symbol:   method getPromotionIds()
  location: variable quote of type com.project.BookCarOnline.DTO.Redis.FareQuote
[ERROR] /Users/macbookpro/Documents/Study/Java/Project/BookCar/Backend/src/main/java/com/project/BookCarOnline/Service/BookingService.java:[116,42] cannot find symbol
  symbol:   method getPromotionIds()
  location: variable quote of type com.project.BookCarOnline.DTO.Redis.FareQuote
[ERROR] /Users/macbookpro/Documents/Study/Java/Project/BookCar/Backend/src/main/java/com/project/BookCarOnline/Service/BookingService.java:[120,52] cannot find symbol
  symbol:   method getCustomerId()
  location: variable customer of type com.project.BookCarOnline.Entity.Customer
[ERROR] /Users/macbookpro/Documents/Study/Java/Project/BookCar/Backend/src/main/java/com/project/BookCarOnline/Service/BookingService.java:[120,75] cannot find symbol
  symbol:   method getTotalPrice()
  location: variable quote of type com.project.BookCarOnline.DTO.Redis.FareQuote
[ERROR] /Users/macbookpro/Documents/Study/Java/Project/BookCar/Backend/src/main/java/com/project/BookCarOnline/Service/BookingService.java:[122,25] cannot find symbol
  symbol:   variable log
  location: class com.project.BookCarOnline.Service.BookingService
[ERROR] /Users/macbookpro/Documents/Study/Java/Project/BookCar/Backend/src/main/java/com/project/BookCarOnline/Service/BookingService.java:[128,47] cannot find symbol
  symbol:   method getPaymentMethod()
  location: variable request of type com.project.BookCarOnline.DTO.Request.CreateBookingRequest
[ERROR] /Users/macbookpro/Documents/Study/Java/Project/BookCar/Backend/src/main/java/com/project/BookCarOnline/Service/BookingService.java:[129,57] cannot find symbol
  symbol:   method builder()
  location: class com.project.BookCarOnline.Entity.Payment
[ERROR] /Users/macbookpro/Documents/Study/Java/Project/BookCar/Backend/src/main/java/com/project/BookCarOnline/Service/BookingService.java:[131,30] cannot find symbol
  symbol:   method getTotalPrice()
  location: variable quote of type com.project.BookCarOnline.DTO.Redis.FareQuote
[ERROR] /Users/macbookpro/Documents/Study/Java/Project/BookCar/Backend/src/main/java/com/project/BookCarOnline/Service/BookingService.java:[136,35] cannot find symbol
  symbol:   method getPickupLat()
  location: variable request of type com.project.BookCarOnline.DTO.Request.CreateBookingRequest
[ERROR] /Users/macbookpro/Documents/Study/Java/Project/BookCar/Backend/src/main/java/com/project/BookCarOnline/Service/BookingService.java:[136,68] cannot find symbol
  symbol:   method getPickupLat()
  location: variable request of type com.project.BookCarOnline.DTO.Request.CreateBookingRequest
[ERROR] /Users/macbookpro/Documents/Study/Java/Project/BookCar/Backend/src/main/java/com/project/BookCarOnline/Service/BookingService.java:[136,104] cannot find symbol
  symbol:   method getPickupLocation()
  location: variable request of type com.project.BookCarOnline.DTO.Request.CreateBookingRequest
[ERROR] /Users/macbookpro/Documents/Study/Java/Project/BookCar/Backend/src/main/java/com/project/BookCarOnline/Service/BookingService.java:[137,35] cannot find symbol
  symbol:   method getPickupLng()
  location: variable request of type com.project.BookCarOnline.DTO.Request.CreateBookingRequest
[ERROR] /Users/macbookpro/Documents/Study/Java/Project/BookCar/Backend/src/main/java/com/project/BookCarOnline/Service/BookingService.java:[137,68] cannot find symbol
  symbol:   method getPickupLng()
  location: variable request of type com.project.BookCarOnline.DTO.Request.CreateBookingRequest
[ERROR] /Users/macbookpro/Documents/Study/Java/Project/BookCar/Backend/src/main/java/com/project/BookCarOnline/Service/BookingService.java:[137,104] cannot find symbol
  symbol:   method getPickupLocation()
  location: variable request of type com.project.BookCarOnline.DTO.Request.CreateBookingRequest
[ERROR] /Users/macbookpro/Documents/Study/Java/Project/BookCar/Backend/src/main/java/com/project/BookCarOnline/Service/BookingService.java:[140,34] cannot find symbol
  symbol:   method builder()
  location: class com.project.BookCarOnline.Entity.Booking
[ERROR] /Users/macbookpro/Documents/Study/Java/Project/BookCar/Backend/src/main/java/com/project/BookCarOnline/Service/BookingService.java:[143,40] cannot find symbol
  symbol:   method getPickupLocation()
  location: variable request of type com.project.BookCarOnline.DTO.Request.CreateBookingRequest
[ERROR] /Users/macbookpro/Documents/Study/Java/Project/BookCar/Backend/src/main/java/com/project/BookCarOnline/Service/BookingService.java:[144,41] cannot find symbol
  symbol:   method getDropoffLocation()
  location: variable request of type com.project.BookCarOnline.DTO.Request.CreateBookingRequest
[ERROR] /Users/macbookpro/Documents/Study/Java/Project/BookCar/Backend/src/main/java/com/project/BookCarOnline/Service/BookingService.java:[147,36] cannot find symbol
  symbol:   method getDropoffLat()
  location: variable request of type com.project.BookCarOnline.DTO.Request.CreateBookingRequest
[ERROR] /Users/macbookpro/Documents/Study/Java/Project/BookCar/Backend/src/main/java/com/project/BookCarOnline/Service/BookingService.java:[148,36] cannot find symbol
  symbol:   method getDropoffLng()
  location: variable request of type com.project.BookCarOnline.DTO.Request.CreateBookingRequest
[ERROR] /Users/macbookpro/Documents/Study/Java/Project/BookCar/Backend/src/main/java/com/project/BookCarOnline/Service/BookingService.java:[149,37] cannot find symbol
  symbol:   method getOriginalPrice()
  location: variable quote of type com.project.BookCarOnline.DTO.Redis.FareQuote
[ERROR] /Users/macbookpro/Documents/Study/Java/Project/BookCar/Backend/src/main/java/com/project/BookCarOnline/Service/BookingService.java:[150,34] cannot find symbol
  symbol:   method getTotalPrice()
  location: variable quote of type com.project.BookCarOnline.DTO.Redis.FareQuote
[ERROR] /Users/macbookpro/Documents/Study/Java/Project/BookCar/Backend/src/main/java/com/project/BookCarOnline/Service/BookingService.java:[153,32] cannot find symbol
  symbol:   method getDistance()
  location: variable quote of type com.project.BookCarOnline.DTO.Redis.FareQuote
[ERROR] /Users/macbookpro/Documents/Study/Java/Project/BookCar/Backend/src/main/java/com/project/BookCarOnline/Service/BookingService.java:[164,48] cannot find symbol
  symbol:   method getQuoteId()
  location: variable request of type com.project.BookCarOnline.DTO.Request.CreateBookingRequest
[ERROR] /Users/macbookpro/Documents/Study/Java/Project/BookCar/Backend/src/main/java/com/project/BookCarOnline/Service/BookingService.java:[169,63] cannot find symbol
  symbol:   method getBookingId()
  location: variable saved of type com.project.BookCarOnline.Entity.Booking
[ERROR] /Users/macbookpro/Documents/Study/Java/Project/BookCar/Backend/src/main/java/com/project/BookCarOnline/Service/BookingService.java:[180,50] cannot find symbol
  symbol:   method getBookingStatus()
  location: variable booking of type com.project.BookCarOnline.Entity.Booking
[ERROR] /Users/macbookpro/Documents/Study/Java/Project/BookCar/Backend/src/main/java/com/project/BookCarOnline/Service/BookingService.java:[181,13] cannot find symbol
  symbol:   variable log
  location: class com.project.BookCarOnline.Service.BookingService
[ERROR] /Users/macbookpro/Documents/Study/Java/Project/BookCar/Backend/src/main/java/com/project/BookCarOnline/Service/BookingService.java:[186,29] cannot find symbol
  symbol:   method getPickupLat()
  location: variable booking of type com.project.BookCarOnline.Entity.Booking
[ERROR] /Users/macbookpro/Documents/Study/Java/Project/BookCar/Backend/src/main/java/com/project/BookCarOnline/Service/BookingService.java:[187,26] cannot find symbol
  symbol:   method getPickupLat()
  location: variable booking of type com.project.BookCarOnline.Entity.Booking
[ERROR] /Users/macbookpro/Documents/Study/Java/Project/BookCar/Backend/src/main/java/com/project/BookCarOnline/Service/BookingService.java:[188,37] cannot find symbol
  symbol:   method getPickupLocation()
  location: variable booking of type com.project.BookCarOnline.Entity.Booking
[ERROR] /Users/macbookpro/Documents/Study/Java/Project/BookCar/Backend/src/main/java/com/project/BookCarOnline/Service/BookingService.java:[189,29] cannot find symbol
  symbol:   method getPickupLng()
  location: variable booking of type com.project.BookCarOnline.Entity.Booking
[ERROR] /Users/macbookpro/Documents/Study/Java/Project/BookCar/Backend/src/main/java/com/project/BookCarOnline/Service/BookingService.java:[190,26] cannot find symbol
  symbol:   method getPickupLng()
  location: variable booking of type com.project.BookCarOnline.Entity.Booking
[ERROR] /Users/macbookpro/Documents/Study/Java/Project/BookCar/Backend/src/main/java/com/project/BookCarOnline/Service/BookingService.java:[191,37] cannot find symbol
  symbol:   method getPickupLocation()
  location: variable booking of type com.project.BookCarOnline.Entity.Booking
[ERROR] /Users/macbookpro/Documents/Study/Java/Project/BookCar/Backend/src/main/java/com/project/BookCarOnline/Service/BookingService.java:[213,9] cannot find symbol
  symbol:   variable log
  location: class com.project.BookCarOnline.Service.BookingService
[ERROR] /Users/macbookpro/Documents/Study/Java/Project/BookCar/Backend/src/main/java/com/project/BookCarOnline/Service/BookingService.java:[218,50] cannot find symbol
  symbol:   method getBookingStatus()
  location: variable booking of type com.project.BookCarOnline.Entity.Booking
[ERROR] /Users/macbookpro/Documents/Study/Java/Project/BookCar/Backend/src/main/java/com/project/BookCarOnline/Service/BookingService.java:[232,16] cannot find symbol
  symbol:   method setDriverNo(com.project.BookCarOnline.Entity.Driver)
  location: variable booking of type com.project.BookCarOnline.Entity.Booking
[ERROR] /Users/macbookpro/Documents/Study/Java/Project/BookCar/Backend/src/main/java/com/project/BookCarOnline/Service/BookingService.java:[233,16] cannot find symbol
  symbol:   method setBookingStatus(com.project.BookCarOnline.Entity.Enum.BookingStatus)
  location: variable booking of type com.project.BookCarOnline.Entity.Booking
[ERROR] /Users/macbookpro/Documents/Study/Java/Project/BookCar/Backend/src/main/java/com/project/BookCarOnline/Service/BookingService.java:[234,16] cannot find symbol
  symbol:   method setPickupTime(java.sql.Timestamp)
  location: variable booking of type com.project.BookCarOnline.Entity.Booking
[ERROR] /Users/macbookpro/Documents/Study/Java/Project/BookCar/Backend/src/main/java/com/project/BookCarOnline/Service/BookingService.java:[240,9] cannot find symbol
  symbol:   variable log
  location: class com.project.BookCarOnline.Service.BookingService
[ERROR] /Users/macbookpro/Documents/Study/Java/Project/BookCar/Backend/src/main/java/com/project/BookCarOnline/Service/BookingService.java:[247,9] cannot find symbol
  symbol:   variable log
  location: class com.project.BookCarOnline.Service.BookingService
[ERROR] /Users/macbookpro/Documents/Study/Java/Project/BookCar/Backend/src/main/java/com/project/BookCarOnline/Service/BookingService.java:[252,41] cannot find symbol
  symbol:   method getBookingStatus()
  location: variable booking of type com.project.BookCarOnline.Entity.Booking
[ERROR] /Users/macbookpro/Documents/Study/Java/Project/BookCar/Backend/src/main/java/com/project/BookCarOnline/Service/BookingService.java:[257,40] cannot find symbol
  symbol:   method setPickupTime(java.sql.Timestamp)
  location: variable booking of type com.project.BookCarOnline.Entity.Booking
[ERROR] /Users/macbookpro/Documents/Study/Java/Project/BookCar/Backend/src/main/java/com/project/BookCarOnline/Service/BookingService.java:[263,16] cannot find symbol
  symbol:   method setBookingStatus(com.project.BookCarOnline.Entity.Enum.BookingStatus)
  location: variable booking of type com.project.BookCarOnline.Entity.Booking
[INFO] 100 errors 
[INFO] -------------------------------------------------------------
[INFO] ------------------------------------------------------------------------
[INFO] BUILD FAILURE
[INFO] ------------------------------------------------------------------------
[INFO] Total time:  5.280 s
[INFO] Finished at: 2026-06-24T17:19:06+07:00
[INFO] ------------------------------------------------------------------------
[ERROR] Failed to execute goal org.apache.maven.plugins:maven-compiler-plugin:3.14.0:compile (default-compile) on project BookCarOnline: Compilation failure: Compilation failure: 
[ERROR] /Users/macbookpro/Documents/Study/Java/Project/BookCar/Backend/src/main/java/com/project/BookCarOnline/Entity/VehicleType_Time.java:[41,8] class VehicleType_Time_ID is public, should be declared in a file named VehicleType_Time_ID.java
[ERROR] /Users/macbookpro/Documents/Study/Java/Project/BookCar/Backend/src/main/java/com/project/BookCarOnline/Configuration/ApplicationInitConfig.java:[49,13] cannot find symbol
[ERROR]   symbol:   variable log
[ERROR]   location: class com.project.BookCarOnline.Configuration.ApplicationInitConfig
[ERROR] /Users/macbookpro/Documents/Study/Java/Project/BookCar/Backend/src/main/java/com/project/BookCarOnline/Configuration/ApplicationInitConfig.java:[55,33] cannot find symbol
[ERROR]   symbol:   method builder()
[ERROR]   location: class com.project.BookCarOnline.Entity.Role
[ERROR] /Users/macbookpro/Documents/Study/Java/Project/BookCar/Backend/src/main/java/com/project/BookCarOnline/Configuration/ApplicationInitConfig.java:[60,21] cannot find symbol
[ERROR]   symbol:   variable log
[ERROR]   location: class com.project.BookCarOnline.Configuration.ApplicationInitConfig
[ERROR] /Users/macbookpro/Documents/Study/Java/Project/BookCar/Backend/src/main/java/com/project/BookCarOnline/Configuration/ApplicationInitConfig.java:[70,42] cannot find symbol
[ERROR]   symbol:   method builder()
[ERROR]   location: class com.project.BookCarOnline.Entity.Account
[ERROR] /Users/macbookpro/Documents/Study/Java/Project/BookCar/Backend/src/main/java/com/project/BookCarOnline/Configuration/ApplicationInitConfig.java:[82,49] cannot find symbol
[ERROR]   symbol:   method builder()
[ERROR]   location: class com.project.BookCarOnline.Entity.Customer
[ERROR] /Users/macbookpro/Documents/Study/Java/Project/BookCar/Backend/src/main/java/com/project/BookCarOnline/Configuration/ApplicationInitConfig.java:[90,17] cannot find symbol
[ERROR]   symbol:   variable log
[ERROR]   location: class com.project.BookCarOnline.Configuration.ApplicationInitConfig
[ERROR] /Users/macbookpro/Documents/Study/Java/Project/BookCar/Backend/src/main/java/com/project/BookCarOnline/Configuration/ApplicationInitConfig.java:[92,17] cannot find symbol
[ERROR]   symbol:   variable log
[ERROR]   location: class com.project.BookCarOnline.Configuration.ApplicationInitConfig
[ERROR] /Users/macbookpro/Documents/Study/Java/Project/BookCar/Backend/src/main/java/com/project/BookCarOnline/Configuration/CustomJwtDecoder.java:[38,81] cannot find symbol
[ERROR]   symbol:   method getMessage()
[ERROR]   location: variable INVALID_TOKEN of type com.project.BookCarOnline.Exception.ErrorCode
[ERROR] /Users/macbookpro/Documents/Study/Java/Project/BookCar/Backend/src/main/java/com/project/BookCarOnline/Service/AuthenticationService.java:[63,67] cannot find symbol
[ERROR]   symbol:   method getUserName()
[ERROR]   location: variable request of type com.project.BookCarOnline.DTO.Request.AuthenticationRequest
[ERROR] /Users/macbookpro/Documents/Study/Java/Project/BookCar/Backend/src/main/java/com/project/BookCarOnline/Service/AuthenticationService.java:[65,37] cannot find symbol
[ERROR]   symbol:   method getPassWord()
[ERROR]   location: variable request of type com.project.BookCarOnline.DTO.Request.AuthenticationRequest
[ERROR] /Users/macbookpro/Documents/Study/Java/Project/BookCar/Backend/src/main/java/com/project/BookCarOnline/Service/AuthenticationService.java:[65,60] cannot find symbol
[ERROR]   symbol:   method getPassWord()
[ERROR]   location: variable account of type com.project.BookCarOnline.Entity.Account
[ERROR] /Users/macbookpro/Documents/Study/Java/Project/BookCar/Backend/src/main/java/com/project/BookCarOnline/Service/AuthenticationService.java:[71,20] cannot find symbol
[ERROR]   symbol:   method getRoleNo()
[ERROR]   location: variable account of type com.project.BookCarOnline.Entity.Account
[ERROR] /Users/macbookpro/Documents/Study/Java/Project/BookCar/Backend/src/main/java/com/project/BookCarOnline/Service/AuthenticationService.java:[71,85] cannot find symbol
[ERROR]   symbol:   method getRoleName()
[ERROR]   location: variable request of type com.project.BookCarOnline.DTO.Request.AuthenticationRequest
[ERROR] /Users/macbookpro/Documents/Study/Java/Project/BookCar/Backend/src/main/java/com/project/BookCarOnline/Service/AuthenticationService.java:[71,112] cannot find symbol
[ERROR]   symbol:   method getAccountStatus()
[ERROR]   location: variable account of type com.project.BookCarOnline.Entity.Account
[ERROR] /Users/macbookpro/Documents/Study/Java/Project/BookCar/Backend/src/main/java/com/project/BookCarOnline/Service/AuthenticationService.java:[77,40] cannot find symbol
[ERROR]   symbol:   method getRoleNo()
[ERROR]   location: variable account of type com.project.BookCarOnline.Entity.Account
[ERROR] /Users/macbookpro/Documents/Study/Java/Project/BookCar/Backend/src/main/java/com/project/BookCarOnline/Service/AuthenticationService.java:[78,49] cannot find symbol
[ERROR]   symbol:   method getAccountStatus()
[ERROR]   location: variable account of type com.project.BookCarOnline.Entity.Account
[ERROR] /Users/macbookpro/Documents/Study/Java/Project/BookCar/Backend/src/main/java/com/project/BookCarOnline/Service/AuthenticationService.java:[80,38] cannot find symbol
[ERROR]   symbol:   method builder()
[ERROR]   location: class com.project.BookCarOnline.DTO.Response.AuthenticationResponse
[ERROR] /Users/macbookpro/Documents/Study/Java/Project/BookCar/Backend/src/main/java/com/project/BookCarOnline/Service/AuthenticationService.java:[92,42] cannot find symbol
[ERROR]   symbol:   method getRoleNo()
[ERROR]   location: variable account of type com.project.BookCarOnline.Entity.Account
[ERROR] /Users/macbookpro/Documents/Study/Java/Project/BookCar/Backend/src/main/java/com/project/BookCarOnline/Service/AuthenticationService.java:[96,67] cannot find symbol
[ERROR]   symbol:   method getAccountId()
[ERROR]   location: variable account of type com.project.BookCarOnline.Entity.Account
[ERROR] /Users/macbookpro/Documents/Study/Java/Project/BookCar/Backend/src/main/java/com/project/BookCarOnline/Service/AuthenticationService.java:[98,34] cannot find symbol
[ERROR]   symbol:   method getCustomerId()
[ERROR]   location: variable customer of type com.project.BookCarOnline.Entity.Customer
[ERROR] /Users/macbookpro/Documents/Study/Java/Project/BookCar/Backend/src/main/java/com/project/BookCarOnline/Service/AuthenticationService.java:[102,63] cannot find symbol
[ERROR]   symbol:   method getAccountId()
[ERROR]   location: variable account of type com.project.BookCarOnline.Entity.Account
[ERROR] /Users/macbookpro/Documents/Study/Java/Project/BookCar/Backend/src/main/java/com/project/BookCarOnline/Service/AuthenticationService.java:[105,32] cannot find symbol
[ERROR]   symbol:   method getDriverId()
[ERROR]   location: variable driver of type com.project.BookCarOnline.Entity.Driver
[ERROR] /Users/macbookpro/Documents/Study/Java/Project/BookCar/Backend/src/main/java/com/project/BookCarOnline/Service/AuthenticationService.java:[108,13] cannot find symbol
[ERROR]   symbol:   variable log
[ERROR]   location: class com.project.BookCarOnline.Service.AuthenticationService
[ERROR] /Users/macbookpro/Documents/Study/Java/Project/BookCar/Backend/src/main/java/com/project/BookCarOnline/Service/AuthenticationService.java:[109,66] cannot find symbol
[ERROR]   symbol:   method getAccountId()
[ERROR]   location: variable account of type com.project.BookCarOnline.Entity.Account
[ERROR] /Users/macbookpro/Documents/Study/Java/Project/BookCar/Backend/src/main/java/com/project/BookCarOnline/Service/AuthenticationService.java:[111,30] cannot find symbol
[ERROR]   symbol:   method getCustomerId()
[ERROR]   location: variable customer of type com.project.BookCarOnline.Entity.Customer
[ERROR] /Users/macbookpro/Documents/Study/Java/Project/BookCar/Backend/src/main/java/com/project/BookCarOnline/Service/AuthenticationService.java:[115,33] cannot find symbol
[ERROR]   symbol:   method getAccountId()
[ERROR]   location: variable account of type com.project.BookCarOnline.Entity.Account
[ERROR] /Users/macbookpro/Documents/Study/Java/Project/BookCar/Backend/src/main/java/com/project/BookCarOnline/Service/AuthenticationService.java:[135,28] cannot find symbol
[ERROR]   symbol:   method getRoleNo()
[ERROR]   location: variable account of type com.project.BookCarOnline.Entity.Account
[ERROR] /Users/macbookpro/Documents/Study/Java/Project/BookCar/Backend/src/main/java/com/project/BookCarOnline/Service/AuthenticationService.java:[136,33] cannot find symbol
[ERROR]   symbol:   method getRoleName()
[ERROR]   location: variable role of type com.project.BookCarOnline.Entity.Role
[ERROR] /Users/macbookpro/Documents/Study/Java/Project/BookCar/Backend/src/main/java/com/project/BookCarOnline/Service/AuthenticationService.java:[139,20] cannot find symbol
[ERROR]   symbol:   method getRoleName()
[ERROR]   location: variable role of type com.project.BookCarOnline.Entity.Role
[ERROR] /Users/macbookpro/Documents/Study/Java/Project/BookCar/Backend/src/main/java/com/project/BookCarOnline/Service/AuthenticationService.java:[175,35] cannot find symbol
[ERROR]   symbol:   method builder()
[ERROR]   location: class com.project.BookCarOnline.Entity.InvalidToken
[ERROR] /Users/macbookpro/Documents/Study/Java/Project/BookCar/Backend/src/main/java/com/project/BookCarOnline/Service/AuthenticationService.java:[181,35] cannot find symbol
[ERROR]   symbol:   method builder()
[ERROR]   location: class com.project.BookCarOnline.Entity.InvalidToken
[ERROR] /Users/macbookpro/Documents/Study/Java/Project/BookCar/Backend/src/main/java/com/project/BookCarOnline/Service/AuthenticationService.java:[199,35] cannot find symbol
[ERROR]   symbol:   method builder()
[ERROR]   location: class com.project.BookCarOnline.Entity.InvalidToken
[ERROR] /Users/macbookpro/Documents/Study/Java/Project/BookCar/Backend/src/main/java/com/project/BookCarOnline/Service/AuthenticationService.java:[205,35] cannot find symbol
[ERROR]   symbol:   method builder()
[ERROR]   location: class com.project.BookCarOnline.Entity.InvalidToken
[ERROR] /Users/macbookpro/Documents/Study/Java/Project/BookCar/Backend/src/main/java/com/project/BookCarOnline/Service/AuthenticationService.java:[216,38] cannot find symbol
[ERROR]   symbol:   method builder()
[ERROR]   location: class com.project.BookCarOnline.DTO.Response.AuthenticationResponse
[ERROR] /Users/macbookpro/Documents/Study/Java/Project/BookCar/Backend/src/main/java/com/project/BookCarOnline/Service/AuthenticationService.java:[230,16] cannot find symbol
[ERROR]   symbol:   method setPassWord(java.lang.String)
[ERROR]   location: variable account of type com.project.BookCarOnline.Entity.Account
[ERROR] /Users/macbookpro/Documents/Study/Java/Project/BookCar/Backend/src/main/java/com/project/BookCarOnline/Configuration/JWTAuthenticationEntryPoint.java:[30,49] cannot find symbol
[ERROR]   symbol:   method builder()
[ERROR]   location: class com.project.BookCarOnline.DTO.APIResponse
[ERROR] /Users/macbookpro/Documents/Study/Java/Project/BookCar/Backend/src/main/java/com/project/BookCarOnline/Configuration/JWTAuthenticationEntryPoint.java:[31,34] cannot find symbol
[ERROR]   symbol:   method getStatus()
[ERROR]   location: variable errorCode of type com.project.BookCarOnline.Exception.ErrorCode
[ERROR] /Users/macbookpro/Documents/Study/Java/Project/BookCar/Backend/src/main/java/com/project/BookCarOnline/Configuration/JWTAuthenticationEntryPoint.java:[32,35] cannot find symbol
[ERROR]   symbol:   method getMessage()
[ERROR]   location: variable errorCode of type com.project.BookCarOnline.Exception.ErrorCode
[ERROR] /Users/macbookpro/Documents/Study/Java/Project/BookCar/Backend/src/main/java/com/project/BookCarOnline/Controller/AdminBookingController.java:[33,9] cannot find symbol
[ERROR]   symbol:   variable log
[ERROR]   location: class com.project.BookCarOnline.Controller.AdminBookingController
[ERROR] /Users/macbookpro/Documents/Study/Java/Project/BookCar/Backend/src/main/java/com/project/BookCarOnline/Controller/AdminBookingController.java:[36,27] cannot find symbol
[ERROR]   symbol:   method <org.springframework.data.domain.Page<com.project.BookCarOnline.DTO.Response.BookingDetailResponse>>builder()
[ERROR]   location: class com.project.BookCarOnline.DTO.APIResponse
[ERROR] /Users/macbookpro/Documents/Study/Java/Project/BookCar/Backend/src/main/java/com/project/BookCarOnline/Controller/AdminBookingController.java:[45,9] cannot find symbol
[ERROR]   symbol:   variable log
[ERROR]   location: class com.project.BookCarOnline.Controller.AdminBookingController
[ERROR] /Users/macbookpro/Documents/Study/Java/Project/BookCar/Backend/src/main/java/com/project/BookCarOnline/Controller/AdminBookingController.java:[47,27] cannot find symbol
[ERROR]   symbol:   method <com.project.BookCarOnline.DTO.Response.BookingDetailResponse>builder()
[ERROR]   location: class com.project.BookCarOnline.DTO.APIResponse
[ERROR] /Users/macbookpro/Documents/Study/Java/Project/BookCar/Backend/src/main/java/com/project/BookCarOnline/Controller/AdminBookingController.java:[56,9] cannot find symbol
[ERROR]   symbol:   variable log
[ERROR]   location: class com.project.BookCarOnline.Controller.AdminBookingController
[ERROR] /Users/macbookpro/Documents/Study/Java/Project/BookCar/Backend/src/main/java/com/project/BookCarOnline/Controller/AdminBookingController.java:[58,27] cannot find symbol
[ERROR]   symbol:   method <com.project.BookCarOnline.DTO.Response.BookingDetailResponse>builder()
[ERROR]   location: class com.project.BookCarOnline.DTO.APIResponse
[ERROR] /Users/macbookpro/Documents/Study/Java/Project/BookCar/Backend/src/main/java/com/project/BookCarOnline/Controller/AdminBookingController.java:[69,9] cannot find symbol
[ERROR]   symbol:   variable log
[ERROR]   location: class com.project.BookCarOnline.Controller.AdminBookingController
[ERROR] /Users/macbookpro/Documents/Study/Java/Project/BookCar/Backend/src/main/java/com/project/BookCarOnline/Controller/AdminBookingController.java:[71,27] cannot find symbol
[ERROR]   symbol:   method <com.project.BookCarOnline.DTO.Response.BookingDetailResponse>builder()
[ERROR]   location: class com.project.BookCarOnline.DTO.APIResponse
[ERROR] /Users/macbookpro/Documents/Study/Java/Project/BookCar/Backend/src/main/java/com/project/BookCarOnline/Controller/AdminBookingController.java:[80,9] cannot find symbol
[ERROR]   symbol:   variable log
[ERROR]   location: class com.project.BookCarOnline.Controller.AdminBookingController
[ERROR] /Users/macbookpro/Documents/Study/Java/Project/BookCar/Backend/src/main/java/com/project/BookCarOnline/Controller/AdminBookingController.java:[81,27] cannot find symbol
[ERROR]   symbol:   method <java.util.Map<java.lang.String,java.lang.Object>>builder()
[ERROR]   location: class com.project.BookCarOnline.DTO.APIResponse
[ERROR] /Users/macbookpro/Documents/Study/Java/Project/BookCar/Backend/src/main/java/com/project/BookCarOnline/Service/BookingService.java:[88,24] cannot find symbol
[ERROR]   symbol:   method getPickupLat()
[ERROR]   location: variable request of type com.project.BookCarOnline.DTO.Request.EstimatePriceRequest
[ERROR] /Users/macbookpro/Documents/Study/Java/Project/BookCar/Backend/src/main/java/com/project/BookCarOnline/Service/BookingService.java:[88,48] cannot find symbol
[ERROR]   symbol:   method getPickupLng()
[ERROR]   location: variable request of type com.project.BookCarOnline.DTO.Request.EstimatePriceRequest
[ERROR] /Users/macbookpro/Documents/Study/Java/Project/BookCar/Backend/src/main/java/com/project/BookCarOnline/Service/BookingService.java:[89,24] cannot find symbol
[ERROR]   symbol:   method getDropoffLat()
[ERROR]   location: variable request of type com.project.BookCarOnline.DTO.Request.EstimatePriceRequest
[ERROR] /Users/macbookpro/Documents/Study/Java/Project/BookCar/Backend/src/main/java/com/project/BookCarOnline/Service/BookingService.java:[89,49] cannot find symbol
[ERROR]   symbol:   method getDropoffLng()
[ERROR]   location: variable request of type com.project.BookCarOnline.DTO.Request.EstimatePriceRequest
[ERROR] /Users/macbookpro/Documents/Study/Java/Project/BookCar/Backend/src/main/java/com/project/BookCarOnline/Service/BookingService.java:[92,78] cannot find symbol
[ERROR]   symbol:   method getPromotionCodes()
[ERROR]   location: variable request of type com.project.BookCarOnline.DTO.Request.EstimatePriceRequest
[ERROR] /Users/macbookpro/Documents/Study/Java/Project/BookCar/Backend/src/main/java/com/project/BookCarOnline/Service/BookingService.java:[106,54] cannot find symbol
[ERROR]   symbol:   method getQuoteId()
[ERROR]   location: variable request of type com.project.BookCarOnline.DTO.Request.CreateBookingRequest
[ERROR] /Users/macbookpro/Documents/Study/Java/Project/BookCar/Backend/src/main/java/com/project/BookCarOnline/Service/BookingService.java:[108,71] cannot find symbol
[ERROR]   symbol:   method getVehicleTypeId()
[ERROR]   location: variable quote of type com.project.BookCarOnline.DTO.Redis.FareQuote
[ERROR] /Users/macbookpro/Documents/Study/Java/Project/BookCar/Backend/src/main/java/com/project/BookCarOnline/Service/BookingService.java:[111,52] cannot find symbol
[ERROR]   symbol:   method getCustomerId()
[ERROR]   location: variable request of type com.project.BookCarOnline.DTO.Request.CreateBookingRequest
[ERROR] /Users/macbookpro/Documents/Study/Java/Project/BookCar/Backend/src/main/java/com/project/BookCarOnline/Service/BookingService.java:[114,18] cannot find symbol
[ERROR]   symbol:   method getPromotionIds()
[ERROR]   location: variable quote of type com.project.BookCarOnline.DTO.Redis.FareQuote
[ERROR] /Users/macbookpro/Documents/Study/Java/Project/BookCar/Backend/src/main/java/com/project/BookCarOnline/Service/BookingService.java:[114,54] cannot find symbol
[ERROR]   symbol:   method getPromotionIds()
[ERROR]   location: variable quote of type com.project.BookCarOnline.DTO.Redis.FareQuote
[ERROR] /Users/macbookpro/Documents/Study/Java/Project/BookCar/Backend/src/main/java/com/project/BookCarOnline/Service/BookingService.java:[116,42] cannot find symbol
[ERROR]   symbol:   method getPromotionIds()
[ERROR]   location: variable quote of type com.project.BookCarOnline.DTO.Redis.FareQuote
[ERROR] /Users/macbookpro/Documents/Study/Java/Project/BookCar/Backend/src/main/java/com/project/BookCarOnline/Service/BookingService.java:[120,52] cannot find symbol
[ERROR]   symbol:   method getCustomerId()
[ERROR]   location: variable customer of type com.project.BookCarOnline.Entity.Customer
[ERROR] /Users/macbookpro/Documents/Study/Java/Project/BookCar/Backend/src/main/java/com/project/BookCarOnline/Service/BookingService.java:[120,75] cannot find symbol
[ERROR]   symbol:   method getTotalPrice()
[ERROR]   location: variable quote of type com.project.BookCarOnline.DTO.Redis.FareQuote
[ERROR] /Users/macbookpro/Documents/Study/Java/Project/BookCar/Backend/src/main/java/com/project/BookCarOnline/Service/BookingService.java:[122,25] cannot find symbol
[ERROR]   symbol:   variable log
[ERROR]   location: class com.project.BookCarOnline.Service.BookingService
[ERROR] /Users/macbookpro/Documents/Study/Java/Project/BookCar/Backend/src/main/java/com/project/BookCarOnline/Service/BookingService.java:[128,47] cannot find symbol
[ERROR]   symbol:   method getPaymentMethod()
[ERROR]   location: variable request of type com.project.BookCarOnline.DTO.Request.CreateBookingRequest
[ERROR] /Users/macbookpro/Documents/Study/Java/Project/BookCar/Backend/src/main/java/com/project/BookCarOnline/Service/BookingService.java:[129,57] cannot find symbol
[ERROR]   symbol:   method builder()
[ERROR]   location: class com.project.BookCarOnline.Entity.Payment
[ERROR] /Users/macbookpro/Documents/Study/Java/Project/BookCar/Backend/src/main/java/com/project/BookCarOnline/Service/BookingService.java:[131,30] cannot find symbol
[ERROR]   symbol:   method getTotalPrice()
[ERROR]   location: variable quote of type com.project.BookCarOnline.DTO.Redis.FareQuote
[ERROR] /Users/macbookpro/Documents/Study/Java/Project/BookCar/Backend/src/main/java/com/project/BookCarOnline/Service/BookingService.java:[136,35] cannot find symbol
[ERROR]   symbol:   method getPickupLat()
[ERROR]   location: variable request of type com.project.BookCarOnline.DTO.Request.CreateBookingRequest
[ERROR] /Users/macbookpro/Documents/Study/Java/Project/BookCar/Backend/src/main/java/com/project/BookCarOnline/Service/BookingService.java:[136,68] cannot find symbol
[ERROR]   symbol:   method getPickupLat()
[ERROR]   location: variable request of type com.project.BookCarOnline.DTO.Request.CreateBookingRequest
[ERROR] /Users/macbookpro/Documents/Study/Java/Project/BookCar/Backend/src/main/java/com/project/BookCarOnline/Service/BookingService.java:[136,104] cannot find symbol
[ERROR]   symbol:   method getPickupLocation()
[ERROR]   location: variable request of type com.project.BookCarOnline.DTO.Request.CreateBookingRequest
[ERROR] /Users/macbookpro/Documents/Study/Java/Project/BookCar/Backend/src/main/java/com/project/BookCarOnline/Service/BookingService.java:[137,35] cannot find symbol
[ERROR]   symbol:   method getPickupLng()
[ERROR]   location: variable request of type com.project.BookCarOnline.DTO.Request.CreateBookingRequest
[ERROR] /Users/macbookpro/Documents/Study/Java/Project/BookCar/Backend/src/main/java/com/project/BookCarOnline/Service/BookingService.java:[137,68] cannot find symbol
[ERROR]   symbol:   method getPickupLng()
[ERROR]   location: variable request of type com.project.BookCarOnline.DTO.Request.CreateBookingRequest
[ERROR] /Users/macbookpro/Documents/Study/Java/Project/BookCar/Backend/src/main/java/com/project/BookCarOnline/Service/BookingService.java:[137,104] cannot find symbol
[ERROR]   symbol:   method getPickupLocation()
[ERROR]   location: variable request of type com.project.BookCarOnline.DTO.Request.CreateBookingRequest
[ERROR] /Users/macbookpro/Documents/Study/Java/Project/BookCar/Backend/src/main/java/com/project/BookCarOnline/Service/BookingService.java:[140,34] cannot find symbol
[ERROR]   symbol:   method builder()
[ERROR]   location: class com.project.BookCarOnline.Entity.Booking
[ERROR] /Users/macbookpro/Documents/Study/Java/Project/BookCar/Backend/src/main/java/com/project/BookCarOnline/Service/BookingService.java:[143,40] cannot find symbol
[ERROR]   symbol:   method getPickupLocation()
[ERROR]   location: variable request of type com.project.BookCarOnline.DTO.Request.CreateBookingRequest
[ERROR] /Users/macbookpro/Documents/Study/Java/Project/BookCar/Backend/src/main/java/com/project/BookCarOnline/Service/BookingService.java:[144,41] cannot find symbol
[ERROR]   symbol:   method getDropoffLocation()
[ERROR]   location: variable request of type com.project.BookCarOnline.DTO.Request.CreateBookingRequest
[ERROR] /Users/macbookpro/Documents/Study/Java/Project/BookCar/Backend/src/main/java/com/project/BookCarOnline/Service/BookingService.java:[147,36] cannot find symbol
[ERROR]   symbol:   method getDropoffLat()
[ERROR]   location: variable request of type com.project.BookCarOnline.DTO.Request.CreateBookingRequest
[ERROR] /Users/macbookpro/Documents/Study/Java/Project/BookCar/Backend/src/main/java/com/project/BookCarOnline/Service/BookingService.java:[148,36] cannot find symbol
[ERROR]   symbol:   method getDropoffLng()
[ERROR]   location: variable request of type com.project.BookCarOnline.DTO.Request.CreateBookingRequest
[ERROR] /Users/macbookpro/Documents/Study/Java/Project/BookCar/Backend/src/main/java/com/project/BookCarOnline/Service/BookingService.java:[149,37] cannot find symbol
[ERROR]   symbol:   method getOriginalPrice()
[ERROR]   location: variable quote of type com.project.BookCarOnline.DTO.Redis.FareQuote
[ERROR] /Users/macbookpro/Documents/Study/Java/Project/BookCar/Backend/src/main/java/com/project/BookCarOnline/Service/BookingService.java:[150,34] cannot find symbol
[ERROR]   symbol:   method getTotalPrice()
[ERROR]   location: variable quote of type com.project.BookCarOnline.DTO.Redis.FareQuote
[ERROR] /Users/macbookpro/Documents/Study/Java/Project/BookCar/Backend/src/main/java/com/project/BookCarOnline/Service/BookingService.java:[153,32] cannot find symbol
[ERROR]   symbol:   method getDistance()
[ERROR]   location: variable quote of type com.project.BookCarOnline.DTO.Redis.FareQuote
[ERROR] /Users/macbookpro/Documents/Study/Java/Project/BookCar/Backend/src/main/java/com/project/BookCarOnline/Service/BookingService.java:[164,48] cannot find symbol
[ERROR]   symbol:   method getQuoteId()
[ERROR]   location: variable request of type com.project.BookCarOnline.DTO.Request.CreateBookingRequest
[ERROR] /Users/macbookpro/Documents/Study/Java/Project/BookCar/Backend/src/main/java/com/project/BookCarOnline/Service/BookingService.java:[169,63] cannot find symbol
[ERROR]   symbol:   method getBookingId()
[ERROR]   location: variable saved of type com.project.BookCarOnline.Entity.Booking
[ERROR] /Users/macbookpro/Documents/Study/Java/Project/BookCar/Backend/src/main/java/com/project/BookCarOnline/Service/BookingService.java:[180,50] cannot find symbol
[ERROR]   symbol:   method getBookingStatus()
[ERROR]   location: variable booking of type com.project.BookCarOnline.Entity.Booking
[ERROR] /Users/macbookpro/Documents/Study/Java/Project/BookCar/Backend/src/main/java/com/project/BookCarOnline/Service/BookingService.java:[181,13] cannot find symbol
[ERROR]   symbol:   variable log
[ERROR]   location: class com.project.BookCarOnline.Service.BookingService
[ERROR] /Users/macbookpro/Documents/Study/Java/Project/BookCar/Backend/src/main/java/com/project/BookCarOnline/Service/BookingService.java:[186,29] cannot find symbol
[ERROR]   symbol:   method getPickupLat()
[ERROR]   location: variable booking of type com.project.BookCarOnline.Entity.Booking
[ERROR] /Users/macbookpro/Documents/Study/Java/Project/BookCar/Backend/src/main/java/com/project/BookCarOnline/Service/BookingService.java:[187,26] cannot find symbol
[ERROR]   symbol:   method getPickupLat()
[ERROR]   location: variable booking of type com.project.BookCarOnline.Entity.Booking
[ERROR] /Users/macbookpro/Documents/Study/Java/Project/BookCar/Backend/src/main/java/com/project/BookCarOnline/Service/BookingService.java:[188,37] cannot find symbol
[ERROR]   symbol:   method getPickupLocation()
[ERROR]   location: variable booking of type com.project.BookCarOnline.Entity.Booking
[ERROR] /Users/macbookpro/Documents/Study/Java/Project/BookCar/Backend/src/main/java/com/project/BookCarOnline/Service/BookingService.java:[189,29] cannot find symbol
[ERROR]   symbol:   method getPickupLng()
[ERROR]   location: variable booking of type com.project.BookCarOnline.Entity.Booking
[ERROR] /Users/macbookpro/Documents/Study/Java/Project/BookCar/Backend/src/main/java/com/project/BookCarOnline/Service/BookingService.java:[190,26] cannot find symbol
[ERROR]   symbol:   method getPickupLng()
[ERROR]   location: variable booking of type com.project.BookCarOnline.Entity.Booking
[ERROR] /Users/macbookpro/Documents/Study/Java/Project/BookCar/Backend/src/main/java/com/project/BookCarOnline/Service/BookingService.java:[191,37] cannot find symbol
[ERROR]   symbol:   method getPickupLocation()
[ERROR]   location: variable booking of type com.project.BookCarOnline.Entity.Booking
[ERROR] /Users/macbookpro/Documents/Study/Java/Project/BookCar/Backend/src/main/java/com/project/BookCarOnline/Service/BookingService.java:[213,9] cannot find symbol
[ERROR]   symbol:   variable log
[ERROR]   location: class com.project.BookCarOnline.Service.BookingService
[ERROR] /Users/macbookpro/Documents/Study/Java/Project/BookCar/Backend/src/main/java/com/project/BookCarOnline/Service/BookingService.java:[218,50] cannot find symbol
[ERROR]   symbol:   method getBookingStatus()
[ERROR]   location: variable booking of type com.project.BookCarOnline.Entity.Booking
[ERROR] /Users/macbookpro/Documents/Study/Java/Project/BookCar/Backend/src/main/java/com/project/BookCarOnline/Service/BookingService.java:[232,16] cannot find symbol
[ERROR]   symbol:   method setDriverNo(com.project.BookCarOnline.Entity.Driver)
[ERROR]   location: variable booking of type com.project.BookCarOnline.Entity.Booking
[ERROR] /Users/macbookpro/Documents/Study/Java/Project/BookCar/Backend/src/main/java/com/project/BookCarOnline/Service/BookingService.java:[233,16] cannot find symbol
[ERROR]   symbol:   method setBookingStatus(com.project.BookCarOnline.Entity.Enum.BookingStatus)
[ERROR]   location: variable booking of type com.project.BookCarOnline.Entity.Booking
[ERROR] /Users/macbookpro/Documents/Study/Java/Project/BookCar/Backend/src/main/java/com/project/BookCarOnline/Service/BookingService.java:[234,16] cannot find symbol
[ERROR]   symbol:   method setPickupTime(java.sql.Timestamp)
[ERROR]   location: variable booking of type com.project.BookCarOnline.Entity.Booking
[ERROR] /Users/macbookpro/Documents/Study/Java/Project/BookCar/Backend/src/main/java/com/project/BookCarOnline/Service/BookingService.java:[240,9] cannot find symbol
[ERROR]   symbol:   variable log
[ERROR]   location: class com.project.BookCarOnline.Service.BookingService
[ERROR] /Users/macbookpro/Documents/Study/Java/Project/BookCar/Backend/src/main/java/com/project/BookCarOnline/Service/BookingService.java:[247,9] cannot find symbol
[ERROR]   symbol:   variable log
[ERROR]   location: class com.project.BookCarOnline.Service.BookingService
[ERROR] /Users/macbookpro/Documents/Study/Java/Project/BookCar/Backend/src/main/java/com/project/BookCarOnline/Service/BookingService.java:[252,41] cannot find symbol
[ERROR]   symbol:   method getBookingStatus()
[ERROR]   location: variable booking of type com.project.BookCarOnline.Entity.Booking
[ERROR] /Users/macbookpro/Documents/Study/Java/Project/BookCar/Backend/src/main/java/com/project/BookCarOnline/Service/BookingService.java:[257,40] cannot find symbol
[ERROR]   symbol:   method setPickupTime(java.sql.Timestamp)
[ERROR]   location: variable booking of type com.project.BookCarOnline.Entity.Booking
[ERROR] /Users/macbookpro/Documents/Study/Java/Project/BookCar/Backend/src/main/java/com/project/BookCarOnline/Service/BookingService.java:[263,16] cannot find symbol
[ERROR]   symbol:   method setBookingStatus(com.project.BookCarOnline.Entity.Enum.BookingStatus)
[ERROR]   location: variable booking of type com.project.BookCarOnline.Entity.Booking
[ERROR] -> [Help 1]
[ERROR] 
[ERROR] To see the full stack trace of the errors, re-run Maven with the -e switch.
[ERROR] Re-run Maven using the -X switch to enable full debug logging.
[ERROR] 
[ERROR] For more information about the errors and possible solutions, please read the following articles:
[ERROR] [Help 1] http://cwiki.apache.org/confluence/display/MAVEN/MojoFailureException
